https://libs.websoft9.com/Websoft9/DocsPicture/zh/mattermost/mattermost-gui-websoft9.webp
https://libs.websoft9.com/Websoft9/DocsPicture/zh/onlyofficedocs/onlyofficedocs-saveas-websoft9.png
https://libs.websoft9.com/Websoft9/DocsPicture/zh/onlyoffice/onlyofficedocs-gui-websoft9.png
https://libs.websoft9.com/Websoft9/DocsPicture/en/mattermost/mattermost-display-websoft9.png
https://libs.websoft9.com/Websoft9/DocsPicture/zh/mingdao/mingdao-tables-websoft9.jpg
https://libs.websoft9.com/Websoft9/DocsPicture/en/mingdao/mingdao-main-lib-websoft9.png
https://libs.websoft9.com/Websoft9/DocsPicture/zh/rocketchat/rocketchat-gui-websoft9.png
https://libs.websoft9.com/Websoft9/DocsPicture/zh/kodcloud/kodcloud-home-websoft9.png
https://libs.websoft9.com/Websoft9/DocsPicture/zh/kodcloud/kodcloud-gui-websoft9.png
https://libs.websoft9.com/Websoft9/DocsPicture/zh/passbolt/passbolt-gui-websoft9.webp
https://libs.websoft9.com/Websoft9/DocsPicture/zh/bitwarden/bitwarden-gui-websoft9.webp
https://libs.websoft9.com/Websoft9/DocsPicture/zh/mailu/mailu-gui-websoft9.png
https://libs.websoft9.com/Websoft9/DocsPicture/en/nopcommerce/nopcommerce-devices.png
https://libs.websoft9.com/Websoft9/DocsPicture/zh/opencart/opencart-gui-websoft9.png
https://libs.websoft9.com/Websoft9/DocsPicture/zh/akeneo/akeneo-main-websoft9.png
https://libs.websoft9.com/Websoft9/DocsPicture/zh/n8n/n8n-gui-websoft9.png
https://libs.websoft9.com/Websoft9/DocsPicture/zh/srs/srs-console-websoft9.png
https://libs.websoft9.com/Websoft9/DocsPicture/en/zentao/zentao-gui-websoft9.png
https://libs.websoft9.com/Websoft9/DocsPicture/zh/discourse/discourse-gui-websoft9.webp
https://libs.websoft9.com/Websoft9/DocsPicture/zh/kodcloud/kodcloud-plugins-websoft9.png
https://libs.websoft9.com/Websoft9/DocsPicture/zh/srs/srs-main-websoft9.png
https://libs.websoft9.com/Websoft9/DocsPicture/zh/arangodb/arangodb-gui-websoft9.png
http://libs.websoft9.com/Websoft9/DocsPicture/en/magento/magento-backend-websoft9.png
http://libs.websoft9.com/Websoft9/DocsPicture/en/magento/magento-mall-websoft9.png
https://libs.websoft9.com/Websoft9/DocsPicture/zh/hasura/hasura-gui-websoft9.png
https://libs.websoft9.com/Websoft9/DocsPicture/zh/bigbluebutton/bigbluebutton-gui-websoft9.png
https://libs.websoft9.com/Websoft9/DocsPicture/en/prestashop/ps09.png
https://libs.websoft9.com/Websoft9/DocsPicture/en/prestashop/ps08.png
https://libs.websoft9.com/Websoft9/DocsPicture/zh/prestashop/pretashopui-websoft9.png
https://libs.websoft9.com/Websoft9/DocsPicture/zh/jitsi/jitsi-gui-websoft9.png
https://libs.websoft9.com/Websoft9/DocsPicture/en/cloudbeaver/cloudbeaver-demogui-websoft9.png
https://libs.websoft9.com/Websoft9/DocsPicture/zh/redmine/redmine-gui-websoft9.jpg
https://libs.websoft9.com/Websoft9/DocsPicture/zh/saleor/saleor-gui-websoft9.png
https://libs.websoft9.com/Websoft9/DocsPicture/en/drupal/dp07.png
https://libs.websoft9.com/Websoft9/DocsPicture/zh/drupal/drupal-gui-websoft9.png
https://libs.websoft9.com/Websoft9/DocsPicture/en/joomla/joomla-wizard6-websoft9.png
https://libs.websoft9.com/Websoft9/DocsPicture/en/cloudbeaver/cloudbeaver-openconn-websoft9.png
https://libs.websoft9.com/Websoft9/DocsPicture/en/joomla/joomla-wizard7-websoft9.png
https://libs.websoft9.com/Websoft9/DocsPicture/en/redmine/redmine-language-websoft9.png
https://libs.websoft9.com/Websoft9/DocsPicture/en/rethinkdb/rethinkdb-gui-websoft9.png
https://libs.websoft9.com/Websoft9/DocsPicture/zh/rethinkdb/rethinkdb-editpassword-websoft9.png
https://libs.websoft9.com/Websoft9/DocsPicture/en/odoo/odooui-websoft9.png
https://libs.websoft9.com/Websoft9/DocsPicture/en/odoo/odoo-consoleui-websoft9.png
http://libs.websoft9.com/Websoft9/DocsPicture/zh/mongodb/mongodb-gui-websoft9.png
https://libs.websoft9.com/Websoft9/DocsPicture/zh/couchdb/couchdb-gui-websoft9.png
https://libs.websoft9.com/Websoft9/DocsPicture/zh/mongodb/mongodbcompass002-websoft9.png
https://libs.websoft9.com/Websoft9/DocsPicture/zh/vault/vault-gui-websoft9.jpeg
https://libs.websoft9.com/Websoft9/DocsPicture/zh/elk/elk-gui-websoft9.gif
https://libs.websoft9.com/Websoft9/DocsPicture/zh/zammad/zammad-gui-websoft9.png
https://libs.websoft9.com/Websoft9/DocsPicture/zh/couchdb/couchdb-admin-websoft9.png
https://libs.websoft9.com/Websoft9/DocsPicture/en/apitable/apitable-websoft9.png
https://libs.websoft9.com/Websoft9/DocsPicture/zh/typesense/typesense-gui-websoft9.jpg
https://libs.websoft9.com/Websoft9/DocsPicture/zh/umbraco/umbraco-gui-websoft9.png
http://libs.websoft9.com/Websoft9/DocsPicture/zh/postgresql/pgadmin4-websoft9.png
https://libs.websoft9.com/Websoft9/DocsPicture/zh/theia/theia-gui-websoft9.jpg
https://libs.websoft9.com/Websoft9/DocsPicture/zh/redis/redisinsight-dashboard-illustration-2.svg
https://libs.websoft9.com/Websoft9/DocsPicture/zh/sscms/sscms-gui-websoft9.png
https://libs.websoft9.com/Websoft9/DocsPicture/zh/strapi/strapi-gui-websoft9.png
https://libs.websoft9.com/Websoft9/DocsPicture/zh/traefik/traefik-gui-websoft9.webp
https://libs.websoft9.com/Websoft9/DocsPicture/zh/postgresql/pgadmin-setconnection-websoft9.png
https://libs.websoft9.com/Websoft9/DocsPicture/zh/tooljet/tooljet-gui-websoft9.png
https://libs.websoft9.com/Websoft9/DocsPicture/zh/redis/redisinsight-consolegui-websoft9.png
http://libs.websoft9.com/Websoft9/DocsPicture/en/phpmyadmin/phpmyadmin-changepwds-websoft9.png
http://libs.websoft9.com/Websoft9/DocsPicture/en/oracle/oracle-database-1024x410.jpg
https://libs.websoft9.com/Websoft9/DocsPicture/zh/mongodb/mongodbcompass001-websoft9.png
https://libs.websoft9.com/Websoft9/DocsPicture/zh/mysql/phpmyadmin-adddb-websoft9.png
http://libs.websoft9.com/Websoft9/DocsPicture/en/oracle/oracle-emlogin-websoft9.png
https://libs.websoft9.com/Websoft9/DocsPicture/zh/prometheus/prometheus-gui-websoft9.webp
http://libs.websoft9.com/Websoft9/DocsPicture/en/oracle/oracle-emgui-websoft9.png
https://libs.websoft9.com/Websoft9/DocsPicture/zh/sqlserver/microsoft-sql-server-express.png
https://libs.websoft9.com/Websoft9/DocsPicture/zh/redash/redash-gui-websoft9.png
https://libs.websoft9.com/Websoft9/DocsPicture/en/oracle/oracle-registryagree-websoft9.png
https://libs.websoft9.com/Websoft9/DocsPicture/zh/opensearch/opensearch-gui-websoft9.png
https://libs.websoft9.com/Websoft9/DocsPicture/zh/nocodb/nocodb-gui-websoft9.png
https://libs.websoft9.com/Websoft9/DocsPicture/zh/mautic/mautic-gui-websoft9.jpg
https://libs.websoft9.com/Websoft9/DocsPicture/zh/nexterminal/nexterminal-gui-websoft9.png
https://libs.websoft9.com/Websoft9/DocsPicture/zh/netdata/netdata-gui-websoft9.png
https://libs.websoft9.com/Websoft9/DocsPicture/zh/minio/minio-gui-websoft9.png
https://libs.websoft9.com/Websoft9/DocsPicture/zh/kasmweb/kasmweb-gui-websoft9.webp
https://libs.websoft9.com/Websoft9/DocsPicture/zh/jupyterhub/jupyterhub-gui-websoft9.webp
https://libs.websoft9.com/Websoft9/DocsPicture/zh/teleport/teleport-gui-websoft9.png
https://libs.websoft9.com/Websoft9/DocsPicture/zh/pimcore/pimcore-gui-websoft9.png
https://libs.websoft9.com/Websoft9/DocsPicture/zh/jumpserver/jumpserver-gui-websoft9.png
https://libs.websoft9.com/Websoft9/DocsPicture/zh/influxdb/influxdb-gui-websoft9.svg
https://libs.websoft9.com/Websoft9/DocsPicture/zh/umami/umami-gui-websoft9.png
https://libs.websoft9.com/Websoft9/DocsPicture/zh/gitea/gitea-gui-websoft9.png
https://libs.websoft9.com/Websoft9/DocsPicture/zh/geoserver/geoserver-gui-websoft9.png
https://libs.websoft9.com/Websoft9/DocsPicture/zh/elk/elk-gui-websoft9.gif
https://libs.websoft9.com/Websoft9/DocsPicture/zh/elk/elk-wizard1-websoft9.png
https://libs.websoft9.com/Websoft9/DocsPicture/zh/directus/directus-arch-websoft9.svg
https://libs.websoft9.com/Websoft9/DocsPicture/zh/kong/kong-gui-websoft9.webp
https://libs.websoft9.com/Websoft9/DocsPicture/en/neo4j/neo4j-connectfirst-websoft9.png
https://libs.websoft9.com/Websoft9/DocsPicture/zh/dgraph/dgraph-gui-websoft9.svg
https://libs.websoft9.com/Websoft9/DocsPicture/en/neo4j/neo4j-console-websoft9.png
https://libs.websoft9.com/Websoft9/DocsPicture/zh/typo3/typo3-gui-websoft9.png
https://libs.websoft9.com/Websoft9/DocsPicture/zh/matomo/matomo-show-websoft9.png
https://libs.websoft9.com/Websoft9/DocsPicture/zh/plausible/plausible-gui-websoft9.webp
https://libs.websoft9.com/Websoft9/DocsPicture/zh/countly/countly-gui-websoft9.webp
https://libs.websoft9.com/Websoft9/DocsPicture/zh/ckan/ckan-gui-websoft9.png
https://libs.websoft9.com/Websoft9/DocsPicture/zh/collabora/collabora-gui-websoft9.png
https://libs.websoft9.com/Websoft9/DocsPicture/zh/clamav/clamav-arch-websoft9.webp
https://libs.websoft9.com/Websoft9/DocsPicture/zh/redpandaconsole/redpandaconsole-gui-websoft9.png
http://libs.websoft9.com/Websoft9/DocsPicture/en/cells/cells-gui-websoft9.png
https://libs.websoft9.com/Websoft9/DocsPicture/en/nextcloud/nextcloud-main-websoft9.png
https://libs.websoft9.com/Websoft9/DocsPicture/zh/nextcloud/nextcloud-gui-websoft9.png
https://libs.websoft9.com/Websoft9/DocsPicture/en/seafile/seafile-gui-websoft9.png
https://libs.websoft9.com/Websoft9/DocsPicture/zh/owncloud/owncloud-init1-websoft9.png
https://libs.websoft9.com/Websoft9/DocsPicture/en/owncloud/owncloudgui-websoft9.png
https://libs.websoft9.com/Websoft9/DocsPicture/zh/budibase/budibase-main-websoft9.png
http://libs.websoft9.com/Websoft9/DocsPicture/zh/activemq/activemq-login-websoft9.png
https://libs.websoft9.com/Websoft9/DocsPicture/zh/caddy/caddy-arch-websoft9.svg
https://libs.websoft9.com/Websoft9/DocsPicture/zh/linux/apachehttp-architecture.gif
https://libs.websoft9.com/Websoft9/DocsPicture/zh/apisix/apisix-routelist-websoft9.png
http://libs.websoft9.com/Websoft9/DocsPicture/zh/activemq/activemq-logined-websoft9.png
https://libs.websoft9.com/Websoft9/DocsPicture/zh/appsmith/appsmith-gui-websoft9.png
https://libs.websoft9.com/Websoft9/DocsPicture/zh/apisix/apisix-createroute-websoft9.png
http://libs.websoft9.com/Websoft9/DocsPicture/zh/postgresql/pgadmin4-websoft9.png
https://libs.websoft9.com/Websoft9/DocsPicture/en/gitlab/gitlab-devopsall-websoft9.png
https://libs.websoft9.com/Websoft9/DocsPicture/zh/jenkins/jenkins_is_the_hub_CD_Devops.png
https://libs.websoft9.com/Websoft9/DocsPicture/en/gitlab/gitlab-adminpanel-websoft9.png
https://libs.websoft9.com/Websoft9/DocsPicture/en/postgresql/pgadmin-console-websoft9.png
https://libs.websoft9.com/Websoft9/DocsPicture/zh/jenkins/jenkins-wizard3-websoft9.png
https://libs.websoft9.com/Websoft9/DocsPicture/en/zabbix/zabbix-gui-websoft9.png
https://libs.websoft9.com/Websoft9/DocsPicture/en/tensorflow/tensorboard.gif
https://libs.websoft9.com/Websoft9/DocsPicture/zh/apex/apex-oracle-wordpress.png
https://libs.websoft9.com/Websoft9/DocsPicture/en/knowage/knowage-login-websoft9.png
https://libs.websoft9.com/Websoft9/DocsPicture/en/metabase/metabase-product-screenshot.png
https://libs.websoft9.com/Websoft9/DocsPicture/en/metabase/metabase-dashborad-websoft9.png
https://libs.websoft9.com/Websoft9/DocsPicture/en/memcached/memcached-gui-websoft9.png
https://libs.websoft9.com/Websoft9/DocsPicture/en/tensorflow/tensowflow-gui-websoft9.jpg
http://libs.websoft9.com/Websoft9/DocsPicture/en/dolibarr/dolibarr-gui-websoft9.png
https://libs.websoft9.com/Websoft9/DocsPicture/en/kafka/kafka-gui-websoft9.png
http://libs.websoft9.com/Websoft9/DocsPicture/en/dolibarr/dolibarr-setupmodules-websoft9.png
https://libs.websoft9.com/Websoft9/DocsPicture/en/knowage/knowage-gui-websoft9.png
https://libs.websoft9.com/Websoft9/DocsPicture/zh/kafka/kafka-addcluster001-websoft9.png
http://libs.websoft9.com/Websoft9/DocsPicture/en/mediawiki/mw11.png
https://libs.websoft9.com/Websoft9/DocsPicture/en/grafana/grafana-dashboard-websoft9.png
https://libs.websoft9.com/Websoft9/DocsPicture/en/grafana/grafana-dashboardui.png
https://libs.websoft9.com/Websoft9/DocsPicture/en/mediawiki/mediawikiui.gif
https://libs.websoft9.com/Websoft9/DocsPicture/zh/moodle/moodlegui-websoft9.jpg
https://libs.websoft9.com/Websoft9/DocsPicture/en/onlyoffice/onlyoffice-websoft9-002.png
https://libs.websoft9.com/Websoft9/DocsPicture/zh/moodle/moodle-mobile-websoft9.png
https://libs.websoft9.com/Websoft9/DocsPicture/zh/discuz/discuzq-waychat-websoft9.png
https://libs.websoft9.com/Websoft9/DocsPicture/en/onlyoffice/onlyoffice-websoft9-002.png
https://libs.websoft9.com/Websoft9/DocsPicture/zh/discuzq/discuzq-guim-websoft9.webp
http://libs.websoft9.com/Websoft9/DocsPicture/zh/suitecrm/suitecrm-backend-websoft9.png
https://libs.websoft9.com/Websoft9/DocsPicture/en/scratch/scratch-gui-websoft9.png
https://libs.websoft9.com/Websoft9/DocsPicture/en/codeserver/codeserver-consolegui-websoft9.png
https://libs.websoft9.com/Websoft9/DocsPicture/en/codeserver/codeserver-login-websoft9.png
https://libs.websoft9.com/Websoft9/DocsPicture/en/graylog/graylog-gui-websoft9.png
https://libs.websoft9.com/Websoft9/DocsPicture/en/graylog/graylog-login-websoft9.png
http://libs.websoft9.com/Websoft9/DocsPicture/en/ghost/ghost-bootpage-websoft9.png
https://libs.websoft9.com/Websoft9/DocsPicture/zh/rabbitmq/rabbitmq-pw-websoft9.png
https://libs.websoft9.com/Websoft9/DocsPicture/en/superset/superset-dash-websoft9.png
https://libs.websoft9.com/Websoft9/DocsPicture/en/redis/redisinsight-login-websoft9.png
https://libs.websoft9.com/Websoft9/DocsPicture/en/redis/redisinsight-consolegui-websoft9.png
http://libs.websoft9.com/Websoft9/DocsPicture/zh/mariadb/mariadb-gui-websoft9.png
https://libs.websoft9.com/Websoft9/DocsPicture/zh/rabbitmq/rabbitmq-gui-websoft9.png
https://libs.websoft9.com/Websoft9/DocsPicture/en/ghost/ghost-ui-websoft9.png
https://libs.websoft9.com/Websoft9/DocsPicture/zh/haproxy/HAProxy-configuration.png
http://libs.websoft9.com/Websoft9/DocsPicture/en/erpnext/erpnext-adminui-websoft9.png
https://libs.websoft9.com/Websoft9/DocsPicture/zh/haproxy/haproxy-statsgui-websoft9.png
http://libs.websoft9.com/Websoft9/DocsPicture/en/espocrm/espocrm-gui-websoft9.jpg
http://libs.websoft9.com/Websoft9/DocsPicture/en/espocrm/espocrm-main-websoft9.png
http://libs.websoft9.com/Websoft9/DocsPicture/zh/espocrm/espocrm-smtp-2-websoft9.png
http://libs.websoft9.com/Websoft9/DocsPicture/zh/vtigercrm/vtigercrm-backend-websoft9.png
https://libs.websoft9.com/Websoft9/DocsPicture/zh/mariadb/mariadb-structure-websoft9.png
https://libs.websoft9.com/Websoft9/DocsPicture/zh/discuz/discuz-gui-websoft9.png
https://libs.websoft9.com/Websoft9/DocsPicture/zh/discuz/ds06.png
http://libs.websoft9.com/Websoft9/DocsPicture/zh/mysql/mysql-mariadb-ui-websoft9.png
http://libs.websoft9.com/Websoft9/DocsPicture/zh/gogs/gogs-dashboard-websoft9.png
https://libs.websoft9.com/Websoft9/DocsPicture/en/erpnext/erpnext-ok-websoft9.png
http://libs.websoft9.com/Websoft9/DocsPicture/en/phpmyadmin/phpmyadmin-createdb-websoft9.png
https://libs.websoft9.com/Websoft9/DocsPicture/zh/gogs/gogs-guistart-websoft9.png
https://libs.websoft9.com/Websoft9/DocsPicture/en/mattermost/mattermost-display-websoft9.png
https://libs.websoft9.com/Websoft9/DocsPicture/zh/mingdao/mingdao-tables-websoft9.jpg
https://libs.websoft9.com/Websoft9/DocsPicture/zh/mattermost/mattermost-gui-websoft9.webp
https://libs.websoft9.com/Websoft9/DocsPicture/zh/onlyofficedocs/onlyofficedocs-saveas-websoft9.png
https://libs.websoft9.com/Websoft9/DocsPicture/zh/onlyoffice/onlyofficedocs-gui-websoft9.png
https://libs.websoft9.com/Websoft9/DocsPicture/zh/mingdao/mingdao-main-lib-websoft9.png
https://libs.websoft9.com/Websoft9/DocsPicture/zh/akeneo/akeneo-main-websoft9.png
https://libs.websoft9.com/Websoft9/DocsPicture/zh/mailu/mailu-gui-websoft9.png
https://libs.websoft9.com/Websoft9/DocsPicture/zh/rocketchat/rocketchat-gui-websoft9.png
https://libs.websoft9.com/Websoft9/DocsPicture/en/nopcommerce/nopcommerce-devices.png
https://libs.websoft9.com/Websoft9/DocsPicture/zh/kodcloud/kodcloud-gui-websoft9.png
https://libs.websoft9.com/Websoft9/DocsPicture/zh/bitwarden/bitwarden-gui-websoft9.webp
https://libs.websoft9.com/Websoft9/DocsPicture/zh/passbolt/passbolt-gui-websoft9.webp
https://libs.websoft9.com/Websoft9/DocsPicture/zh/opencart/opencart-gui-websoft9.png
https://libs.websoft9.com/Websoft9/DocsPicture/zh/kodcloud/kodcloud-home-websoft9.png
https://libs.websoft9.com/Websoft9/DocsPicture/zh/hasura/hasura-gui-websoft9.png
https://libs.websoft9.com/Websoft9/DocsPicture/zh/kodcloud/kodcloud-plugins-websoft9.png
https://libs.websoft9.com/Websoft9/DocsPicture/zh/n8n/n8n-gui-websoft9.png
https://libs.websoft9.com/Websoft9/DocsPicture/zh/discourse/discourse-gui-websoft9.webp
https://libs.websoft9.com/Websoft9/DocsPicture/zh/srs/srs-main-websoft9.png
https://libs.websoft9.com/Websoft9/DocsPicture/zh/srs/srs-console-websoft9.png
https://libs.websoft9.com/Websoft9/DocsPicture/zh/arangodb/arangodb-gui-websoft9.png
https://libs.websoft9.com/Websoft9/DocsPicture/zh/zentao/zentao-gui-websoft9.png
https://libs.websoft9.com/Websoft9/DocsPicture/zh/jitsi/jitsi-gui-websoft9.png
https://libs.websoft9.com/Websoft9/DocsPicture/zh/bigbluebutton/bigbluebutton-gui-websoft9.png
https://libs.websoft9.com/Websoft9/DocsPicture/zh/wordpress/wordpress-add-site-websoft9.png
http://libs.websoft9.com/Websoft9/DocsPicture/zh/magento/magento-mall-websoft9.png
http://libs.websoft9.com/Websoft9/DocsPicture/zh/magento/magento-backend-websoft9.png
https://libs.websoft9.com/Websoft9/DocsPicture/zh/wordpress/wordpress-addthemes-websoft9.png
https://libs.websoft9.com/Websoft9/DocsPicture/zh/prestashop/prestashop-backend-websoft9.png
https://libs.websoft9.com/Websoft9/DocsPicture/zh/prestashop/pretashopui-websoft9.png
https://libs.websoft9.com/Websoft9/DocsPicture/zh/wordpress/wordpress-createmenu-websoft9.png
https://libs.websoft9.com/Websoft9/DocsPicture/zh/wordpress/wordpress-addplugins-websoft9.png
https://libs.websoft9.com/Websoft9/DocsPicture/zh/saleor/saleor-gui-websoft9.png
https://libs.websoft9.com/Websoft9/DocsPicture/zh/cloudbeaver/cloudbeaver-demogui-websoft9.png
https://libs.websoft9.com/Websoft9/DocsPicture/zh/cloudbeaver/cloudbeaver-openconn-websoft9.png
https://libs.websoft9.com/Websoft9/DocsPicture/zh/redmine/redmine-gui-websoft9.jpg
https://libs.websoft9.com/Websoft9/DocsPicture/zh/drupal/drupal-backend-websoft9.png
https://libs.websoft9.com/Websoft9/DocsPicture/zh/joomla/joomla-wizard7-websoft9.png
https://libs.websoft9.com/Websoft9/DocsPicture/zh/drupal/drupal-gui-websoft9.png
https://libs.websoft9.com/Websoft9/DocsPicture/zh/redmine/redmine-language-websoft9.png
https://libs.websoft9.com/Websoft9/DocsPicture/zh/joomla/joomla-wizard8-websoft9.png
https://libs.websoft9.com/Websoft9/DocsPicture/zh/rethinkdb/rethinkdb-ok-websoft9.png
https://libs.websoft9.com/Websoft9/DocsPicture/zh/rethinkdb/rethinkdb-gui-websoft9.png
http://libs.websoft9.com/Websoft9/DocsPicture/zh/mongodb/mongodb-gui-websoft9.png
https://libs.websoft9.com/Websoft9/DocsPicture/zh/couchdb/couchdb-gui-websoft9.png
https://libs.websoft9.com/Websoft9/DocsPicture/en/odoo/odooui-websoft9.png
https://libs.websoft9.com/Websoft9/DocsPicture/en/odoo/odoo-consoleui-websoft9.png
https://libs.websoft9.com/Websoft9/DocsPicture/zh/couchdb/couchdb-admin-websoft9.png
https://libs.websoft9.com/Websoft9/DocsPicture/en/apitable/apitable-websoft9.png
https://libs.websoft9.com/Websoft9/DocsPicture/zh/mongodb/mongodbcompass002-websoft9.png
https://libs.websoft9.com/Websoft9/DocsPicture/zh/elk/elk-wizard1-websoft9.png
https://libs.websoft9.com/Websoft9/DocsPicture/zh/zammad/zammad-gui-websoft9.png
https://libs.websoft9.com/Websoft9/DocsPicture/zh/typesense/typesense-gui-websoft9.jpg
https://libs.websoft9.com/Websoft9/DocsPicture/zh/vault/vault-gui-websoft9.jpeg
https://libs.websoft9.com/Websoft9/DocsPicture/zh/traefik/traefik-gui-websoft9.webp
https://libs.websoft9.com/Websoft9/DocsPicture/zh/tooljet/tooljet-gui-websoft9.png
https://libs.websoft9.com/Websoft9/DocsPicture/zh/umbraco/umbraco-gui-websoft9.png
http://libs.websoft9.com/Websoft9/DocsPicture/zh/postgresql/pgadmin4-websoft9.png
https://libs.websoft9.com/Websoft9/DocsPicture/zh/theia/theia-gui-websoft9.jpg
https://libs.websoft9.com/Websoft9/DocsPicture/zh/strapi/strapi-gui-websoft9.png
https://libs.websoft9.com/Websoft9/DocsPicture/zh/sscms/sscms-gui-websoft9.png
https://libs.websoft9.com/Websoft9/DocsPicture/zh/postgresql/pgadmin-setconnection-websoft9.png
http://libs.websoft9.com/Websoft9/DocsPicture/zh/mysql/phpmyadmin-modifypw-websoft9.png
https://libs.websoft9.com/Websoft9/DocsPicture/zh/redis/redisinsight-dashboard-illustration-2.svg
https://libs.websoft9.com/Websoft9/DocsPicture/zh/mongodb/mongodbcompass001-websoft9.png
https://libs.websoft9.com/Websoft9/DocsPicture/zh/mysql/phpmyadmin-adddb-websoft9.png
https://libs.websoft9.com/Websoft9/DocsPicture/zh/redis/redisinsight-consolegui-websoft9.png
http://libs.websoft9.com/Websoft9/DocsPicture/zh/oracle/oracle-database-1024x410.jpg
https://libs.websoft9.com/Websoft9/DocsPicture/zh/sqlserver/sqlserver-getsqlserver-websoft9.png
https://libs.websoft9.com/Websoft9/DocsPicture/zh/redash/redash-gui-websoft9.png
http://libs.websoft9.com/Websoft9/DocsPicture/zh/oracle/oracle-emlogin-websoft9.png
http://libs.websoft9.com/Websoft9/DocsPicture/zh/oracle/oracle-emgui-websoft9.png
https://libs.websoft9.com/Websoft9/DocsPicture/zh/prometheus/prometheus-gui-websoft9.webp
https://libs.websoft9.com/Websoft9/DocsPicture/zh/pimcore/pimcore-gui-websoft9.png
https://libs.websoft9.com/Websoft9/DocsPicture/zh/opensearch/opensearch-gui-websoft9.png
https://libs.websoft9.com/Websoft9/DocsPicture/zh/nocodb/nocodb-gui-websoft9.png
https://libs.websoft9.com/Websoft9/DocsPicture/zh/nexterminal/nexterminal-gui-websoft9.png
https://libs.websoft9.com/Websoft9/DocsPicture/zh/netdata/netdata-gui-websoft9.png
https://libs.websoft9.com/Websoft9/DocsPicture/zh/kong/kong-gui-websoft9.webp
https://libs.websoft9.com/Websoft9/DocsPicture/zh/mautic/mautic-gui-websoft9.jpg
https://libs.websoft9.com/Websoft9/DocsPicture/zh/kasmweb/kasmweb-gui-websoft9.webp
https://libs.websoft9.com/Websoft9/DocsPicture/zh/jupyterhub/jupyterhub-gui-websoft9.webp
https://libs.websoft9.com/Websoft9/DocsPicture/zh/minio/minio-gui-websoft9.png
https://libs.websoft9.com/Websoft9/DocsPicture/zh/jumpserver/jumpserver-gui-websoft9.png
https://libs.websoft9.com/Websoft9/DocsPicture/zh/teleport/teleport-gui-websoft9.png
https://libs.websoft9.com/Websoft9/DocsPicture/zh/influxdb/influxdb-gui-websoft9.svg
https://libs.websoft9.com/Websoft9/DocsPicture/zh/umami/umami-gui-websoft9.png
https://libs.websoft9.com/Websoft9/DocsPicture/zh/elk/elk-gui-websoft9.gif
https://libs.websoft9.com/Websoft9/DocsPicture/zh/gitea/gitea-gui-websoft9.png
https://libs.websoft9.com/Websoft9/DocsPicture/zh/geoserver/geoserver-gui-websoft9.png
https://libs.websoft9.com/Websoft9/DocsPicture/zh/elk/elk-wizard1-websoft9.png
https://libs.websoft9.com/Websoft9/DocsPicture/zh/dgraph/dgraph-gui-websoft9.svg
https://libs.websoft9.com/Websoft9/DocsPicture/zh/directus/directus-arch-websoft9.svg
https://libs.websoft9.com/Websoft9/DocsPicture/zh/neo4j/neo4j-console-websoft9.png
https://libs.websoft9.com/Websoft9/DocsPicture/zh/matomo/matomo-show-websoft9.png
https://libs.websoft9.com/Websoft9/DocsPicture/zh/plausible/plausible-gui-websoft9.webp
https://libs.websoft9.com/Websoft9/DocsPicture/zh/neo4j/neo4j-sampleonline002-websoft9.png
https://libs.websoft9.com/Websoft9/DocsPicture/zh/countly/countly-gui-websoft9.webp
https://libs.websoft9.com/Websoft9/DocsPicture/zh/redpandaconsole/redpandaconsole-gui-websoft9.png
https://libs.websoft9.com/Websoft9/DocsPicture/zh/typo3/typo3-gui-websoft9.png
https://libs.websoft9.com/Websoft9/DocsPicture/zh/collabora/collabora-gui-websoft9.png
https://libs.websoft9.com/Websoft9/DocsPicture/zh/clamav/clamav-arch-websoft9.webp
https://libs.websoft9.com/Websoft9/DocsPicture/en/nextcloud/nextcloud-main-websoft9.png
https://libs.websoft9.com/Websoft9/DocsPicture/zh/nextcloud/nextcloud-gui-websoft9.png
http://libs.websoft9.com/Websoft9/DocsPicture/en/cells/cells-gui-websoft9.png
https://libs.websoft9.com/Websoft9/DocsPicture/zh/seafile/seafile-gui-websoft9.png
https://libs.websoft9.com/Websoft9/DocsPicture/zh/owncloud/owncloud-init1-websoft9.png
https://libs.websoft9.com/Websoft9/DocsPicture/zh/owncloud/owncloud-installcomplete-websoft9.png
https://libs.websoft9.com/Websoft9/DocsPicture/zh/ckan/ckan-gui-websoft9.png
https://libs.websoft9.com/Websoft9/DocsPicture/zh/caddy/caddy-arch-websoft9.svg
http://libs.websoft9.com/Websoft9/DocsPicture/zh/activemq/activemq-login-websoft9.png
https://libs.websoft9.com/Websoft9/DocsPicture/zh/linux/apachehttp-architecture.gif
https://libs.websoft9.com/Websoft9/DocsPicture/zh/budibase/budibase-main-websoft9.png
http://libs.websoft9.com/Websoft9/DocsPicture/zh/activemq/activemq-logined-websoft9.png
https://libs.websoft9.com/Websoft9/DocsPicture/zh/apisix/apisix-createroute-websoft9.png
https://libs.websoft9.com/Websoft9/DocsPicture/zh/apisix/apisix-routelist-websoft9.png
https://libs.websoft9.com/Websoft9/DocsPicture/zh/appsmith/appsmith-gui-websoft9.png
http://libs.websoft9.com/Websoft9/DocsPicture/zh/postgresql/pgadmin4-websoft9.png
https://libs.websoft9.com/Websoft9/DocsPicture/zh/jenkins/jenkins_is_the_hub_CD_Devops.png
https://libs.websoft9.com/Websoft9/DocsPicture/en/gitlab/gitlab-devopsall-websoft9.png
https://libs.websoft9.com/Websoft9/DocsPicture/en/gitlab/gitlab-adminpanel-websoft9.png
https://libs.websoft9.com/Websoft9/DocsPicture/zh/zabbix/zabbix-gui-websoft9.png
https://libs.websoft9.com/Websoft9/DocsPicture/zh/jenkins/jenkins-wizard3-websoft9.png
https://libs.websoft9.com/Websoft9/DocsPicture/zh/postgresql/pgadmin-loginui-websoft9.png
https://libs.websoft9.com/Websoft9/DocsPicture/en/tensorflow/tensorboard.gif
https://libs.websoft9.com/Websoft9/DocsPicture/en/tensorflow/tensowflow-gui-websoft9.jpg
https://libs.websoft9.com/Websoft9/DocsPicture/zh/apex/apex-oracle-wordpress.png
https://libs.websoft9.com/Websoft9/DocsPicture/en/knowage/knowage-gui-websoft9.png
https://libs.websoft9.com/Websoft9/DocsPicture/zh/memcached/memcached-gui-websoft9.png
https://libs.websoft9.com/Websoft9/DocsPicture/en/metabase/metabase-product-screenshot.png
https://libs.websoft9.com/Websoft9/DocsPicture/en/kafka/kafka-gui-websoft9.png
https://libs.websoft9.com/Websoft9/DocsPicture/zh/metabase/metabase-dashborad-websoft9.png
https://libs.websoft9.com/Websoft9/DocsPicture/en/knowage/knowage-login-websoft9.png
https://libs.websoft9.com/Websoft9/DocsPicture/zh/kafka/kafka-addcluster001-websoft9.png
http://libs.websoft9.com/Websoft9/DocsPicture/zh/onlyoffice/onlyoffice-websoft9-001.png
https://libs.websoft9.com/Websoft9/DocsPicture/en/grafana/grafana-dashboardui.png
https://libs.websoft9.com/Websoft9/DocsPicture/zh/dolibarr/dolibarr-gui-websoft9.webp
https://libs.websoft9.com/Websoft9/DocsPicture/zh/dolibarr/dolibarr-backend-websoft9.png
https://libs.websoft9.com/Websoft9/DocsPicture/zh/mediawiki/mediawiki-homepage-websoft9.png
https://libs.websoft9.com/Websoft9/DocsPicture/zh/mediawiki/MediaWiki_UI.png
https://libs.websoft9.com/Websoft9/DocsPicture/en/grafana/grafana-dashboard-websoft9.png
https://libs.websoft9.com/Websoft9/DocsPicture/zh/onlyoffice/onlyoffice-websoft9-002.png
http://libs.websoft9.com/Websoft9/DocsPicture/zh/suitecrm/suitecrm-backend-websoft9.png
https://libs.websoft9.com/Websoft9/DocsPicture/zh/moodle/moodle-mobile-websoft9.png
https://libs.websoft9.com/Websoft9/DocsPicture/zh/discuzq/discuzq-guim-websoft9.webp
https://libs.websoft9.com/Websoft9/DocsPicture/zh/moodle/moodlegui-websoft9.jpg
https://libs.websoft9.com/Websoft9/DocsPicture/zh/scratch/scratch-gui-websoft9.png
https://libs.websoft9.com/Websoft9/DocsPicture/zh/discuz/discuzq-waychat-websoft9.png
https://libs.websoft9.com/Websoft9/DocsPicture/zh/codeserver/codeserver-login-websoft9.png
https://libs.websoft9.com/Websoft9/DocsPicture/zh/codeserver/codeserver-consolegui-websoft9.png
https://libs.websoft9.com/Websoft9/DocsPicture/zh/rabbitmq/rabbitmq-pw-websoft9.png
https://libs.websoft9.com/Websoft9/DocsPicture/zh/graylog/graylog-login-websoft9.png
https://libs.websoft9.com/Websoft9/DocsPicture/zh/rabbitmq/rabbitmq-gui-websoft9.png
http://libs.websoft9.com/Websoft9/DocsPicture/en/ghost/ghost-bootpage-websoft9.png
https://libs.websoft9.com/Websoft9/DocsPicture/en/graylog/graylog-gui-websoft9.png
https://libs.websoft9.com/Websoft9/DocsPicture/en/superset/superset-dash-websoft9.png
https://libs.websoft9.com/Websoft9/DocsPicture/zh/ghost/ghost-dsgui-websoft9.png
https://libs.websoft9.com/Websoft9/DocsPicture/zh/redis/redisinsight-login-websoft9.png
https://libs.websoft9.com/Websoft9/DocsPicture/zh/redis/redisinsight-consolegui-websoft9.png
http://libs.websoft9.com/Websoft9/DocsPicture/zh/mariadb/mariadb-gui-websoft9.png
http://libs.websoft9.com/Websoft9/DocsPicture/en/erpnext/erpnext-adminui-websoft9.png
https://libs.websoft9.com/Websoft9/DocsPicture/en/ghost/ghost-setthemes-websoft9.png
https://libs.websoft9.com/Websoft9/DocsPicture/zh/haproxy/haproxy-statsgui-websoft9.png
http://libs.websoft9.com/Websoft9/DocsPicture/en/espocrm/espocrm-gui-websoft9.jpg
http://libs.websoft9.com/Websoft9/DocsPicture/en/espocrm/espocrm-main-websoft9.png
https://libs.websoft9.com/Websoft9/DocsPicture/zh/mariadb/mariadb-structure-websoft9.png
http://libs.websoft9.com/Websoft9/DocsPicture/zh/espocrm/espocrm-smtp-2-websoft9.png
http://libs.websoft9.com/Websoft9/DocsPicture/zh/vtigercrm/vtigercrm-backend-websoft9.png
https://libs.websoft9.com/Websoft9/DocsPicture/zh/erpnext/erpnext-users-websoft9.png
https://libs.websoft9.com/Websoft9/DocsPicture/zh/discuz/ds06.png
https://libs.websoft9.com/Websoft9/DocsPicture/zh/discuz/discuz-gui-websoft9.png
https://libs.websoft9.com/Websoft9/DocsPicture/zh/haproxy/HAProxy-configuration.png
http://libs.websoft9.com/Websoft9/DocsPicture/zh/gogs/gogs-dashboard-websoft9.png
https://libs.websoft9.com/Websoft9/DocsPicture/zh/gogs/gogs-guistart-websoft9.png
https://libs.websoft9.com/Websoft9/DocsPicture/zh/mysql/phpmyadmin-adddb-websoft9.png
https://libs.websoft9.com/Websoft9/DocsPicture/zh/mysql/mysql-dbgui-websoft9.png
https://libs.websoft9.com/Websoft9/DocsPicture/zh/onlyoffice/onlyofficedocs-gui-websoft9.png
https://libs.websoft9.com/Websoft9/DocsPicture/zh/akeneo/akeneo-main-websoft9.png
https://libs.websoft9.com/Websoft9/DocsPicture/zh/mattermost/mattermost-gui-websoft9.webp
https://libs.websoft9.com/Websoft9/DocsPicture/zh/mingdao/mingdao-tables-websoft9.jpg
https://libs.websoft9.com/Websoft9/DocsPicture/zh/rocketchat/rocketchat-gui-websoft9.png
https://libs.websoft9.com/Websoft9/DocsPicture/en/mingdao/mingdao-main-lib-websoft9.png
https://libs.websoft9.com/Websoft9/DocsPicture/en/mattermost/mattermost-display-websoft9.png
https://libs.websoft9.com/Websoft9/DocsPicture/zh/onlyofficedocs/onlyofficedocs-saveas-websoft9.png
https://libs.websoft9.com/Websoft9/DocsPicture/zh/opencart/opencart-gui-websoft9.png
https://libs.websoft9.com/Websoft9/DocsPicture/zh/kodcloud/kodcloud-home-websoft9.png
https://libs.websoft9.com/Websoft9/DocsPicture/zh/mailu/mailu-gui-websoft9.png
https://libs.websoft9.com/Websoft9/DocsPicture/zh/passbolt/passbolt-gui-websoft9.webp
https://libs.websoft9.com/Websoft9/DocsPicture/zh/kodcloud/kodcloud-plugins-websoft9.png
https://libs.websoft9.com/Websoft9/DocsPicture/zh/bitwarden/bitwarden-gui-websoft9.webp
https://libs.websoft9.com/Websoft9/DocsPicture/zh/kodcloud/kodcloud-gui-websoft9.png
https://libs.websoft9.com/Websoft9/DocsPicture/en/nopcommerce/nopcommerce-devices.png
https://libs.websoft9.com/Websoft9/DocsPicture/zh/n8n/n8n-gui-websoft9.png
https://libs.websoft9.com/Websoft9/DocsPicture/zh/hasura/hasura-gui-websoft9.png
https://libs.websoft9.com/Websoft9/DocsPicture/zh/discourse/discourse-gui-websoft9.webp
https://libs.websoft9.com/Websoft9/DocsPicture/zh/srs/srs-console-websoft9.png
https://libs.websoft9.com/Websoft9/DocsPicture/zh/arangodb/arangodb-gui-websoft9.png
https://libs.websoft9.com/Websoft9/DocsPicture/zh/srs/srs-main-websoft9.png
https://libs.websoft9.com/Websoft9/DocsPicture/en/zentao/zentao-gui-websoft9.png
https://libs.websoft9.com/Websoft9/DocsPicture/zh/bigbluebutton/bigbluebutton-gui-websoft9.png
http://libs.websoft9.com/Websoft9/DocsPicture/en/magento/magento-backend-websoft9.png
https://libs.websoft9.com/Websoft9/DocsPicture/zh/prestashop/pretashopui-websoft9.png
https://libs.websoft9.com/Websoft9/DocsPicture/en/prestashop/ps08.png
https://libs.websoft9.com/Websoft9/DocsPicture/zh/jitsi/jitsi-gui-websoft9.png
https://libs.websoft9.com/Websoft9/DocsPicture/en/prestashop/ps09.png
https://libs.websoft9.com/Websoft9/DocsPicture/zh/saleor/saleor-gui-websoft9.png
https://libs.websoft9.com/Websoft9/DocsPicture/en/cloudbeaver/cloudbeaver-demogui-websoft9.png
http://libs.websoft9.com/Websoft9/DocsPicture/en/magento/magento-mall-websoft9.png
https://libs.websoft9.com/Websoft9/DocsPicture/en/cloudbeaver/cloudbeaver-openconn-websoft9.png
https://libs.websoft9.com/Websoft9/DocsPicture/zh/redmine/redmine-gui-websoft9.jpg
https://libs.websoft9.com/Websoft9/DocsPicture/zh/drupal/drupal-gui-websoft9.png
https://libs.websoft9.com/Websoft9/DocsPicture/en/drupal/dp07.png
https://libs.websoft9.com/Websoft9/DocsPicture/en/rethinkdb/rethinkdb-gui-websoft9.png
https://libs.websoft9.com/Websoft9/DocsPicture/en/redmine/redmine-language-websoft9.png
https://libs.websoft9.com/Websoft9/DocsPicture/en/joomla/joomla-wizard7-websoft9.png
https://libs.websoft9.com/Websoft9/DocsPicture/zh/rethinkdb/rethinkdb-editpassword-websoft9.png
https://libs.websoft9.com/Websoft9/DocsPicture/en/odoo/odooui-websoft9.png
http://libs.websoft9.com/Websoft9/DocsPicture/zh/mongodb/mongodb-gui-websoft9.png
https://libs.websoft9.com/Websoft9/DocsPicture/en/joomla/joomla-wizard6-websoft9.png
https://libs.websoft9.com/Websoft9/DocsPicture/zh/couchdb/couchdb-admin-websoft9.png
https://libs.websoft9.com/Websoft9/DocsPicture/en/odoo/odoo-consoleui-websoft9.png
https://libs.websoft9.com/Websoft9/DocsPicture/en/apitable/apitable-websoft9.png
https://libs.websoft9.com/Websoft9/DocsPicture/zh/couchdb/couchdb-gui-websoft9.png
https://libs.websoft9.com/Websoft9/DocsPicture/zh/elk/elk-gui-websoft9.gif
https://libs.websoft9.com/Websoft9/DocsPicture/zh/mongodb/mongodbcompass002-websoft9.png
https://libs.websoft9.com/Websoft9/DocsPicture/zh/vault/vault-gui-websoft9.jpeg
https://libs.websoft9.com/Websoft9/DocsPicture/zh/umbraco/umbraco-gui-websoft9.png
https://libs.websoft9.com/Websoft9/DocsPicture/zh/zammad/zammad-gui-websoft9.png
https://libs.websoft9.com/Websoft9/DocsPicture/zh/traefik/traefik-gui-websoft9.webp
http://libs.websoft9.com/Websoft9/DocsPicture/zh/postgresql/pgadmin4-websoft9.png
https://libs.websoft9.com/Websoft9/DocsPicture/zh/typesense/typesense-gui-websoft9.jpg
https://libs.websoft9.com/Websoft9/DocsPicture/zh/strapi/strapi-gui-websoft9.png
https://libs.websoft9.com/Websoft9/DocsPicture/zh/theia/theia-gui-websoft9.jpg
https://libs.websoft9.com/Websoft9/DocsPicture/zh/tooljet/tooljet-gui-websoft9.png
https://libs.websoft9.com/Websoft9/DocsPicture/zh/sscms/sscms-gui-websoft9.png
https://libs.websoft9.com/Websoft9/DocsPicture/zh/postgresql/pgadmin-setconnection-websoft9.png
http://libs.websoft9.com/Websoft9/DocsPicture/en/phpmyadmin/phpmyadmin-changepwds-websoft9.png
https://libs.websoft9.com/Websoft9/DocsPicture/zh/redis/redisinsight-dashboard-illustration-2.svg
https://libs.websoft9.com/Websoft9/DocsPicture/zh/mongodb/mongodbcompass001-websoft9.png
https://libs.websoft9.com/Websoft9/DocsPicture/zh/redis/redisinsight-consolegui-websoft9.png
http://libs.websoft9.com/Websoft9/DocsPicture/en/oracle/oracle-database-1024x410.jpg
https://libs.websoft9.com/Websoft9/DocsPicture/zh/mysql/phpmyadmin-adddb-websoft9.png
http://libs.websoft9.com/Websoft9/DocsPicture/en/oracle/oracle-emlogin-websoft9.png
https://libs.websoft9.com/Websoft9/DocsPicture/zh/sqlserver/microsoft-sql-server-express.png
http://libs.websoft9.com/Websoft9/DocsPicture/en/oracle/oracle-emgui-websoft9.png
https://libs.websoft9.com/Websoft9/DocsPicture/zh/pimcore/pimcore-gui-websoft9.png
https://libs.websoft9.com/Websoft9/DocsPicture/zh/redash/redash-gui-websoft9.png
https://libs.websoft9.com/Websoft9/DocsPicture/zh/prometheus/prometheus-gui-websoft9.webp
https://libs.websoft9.com/Websoft9/DocsPicture/en/oracle/oracle-registryagree-websoft9.png
https://libs.websoft9.com/Websoft9/DocsPicture/zh/opensearch/opensearch-gui-websoft9.png
https://libs.websoft9.com/Websoft9/DocsPicture/zh/nexterminal/nexterminal-gui-websoft9.png
https://libs.websoft9.com/Websoft9/DocsPicture/zh/nocodb/nocodb-gui-websoft9.png
https://libs.websoft9.com/Websoft9/DocsPicture/zh/kong/kong-gui-websoft9.webp
https://libs.websoft9.com/Websoft9/DocsPicture/zh/netdata/netdata-gui-websoft9.png
https://libs.websoft9.com/Websoft9/DocsPicture/zh/mautic/mautic-gui-websoft9.jpg
https://libs.websoft9.com/Websoft9/DocsPicture/zh/kasmweb/kasmweb-gui-websoft9.webp
https://libs.websoft9.com/Websoft9/DocsPicture/zh/minio/minio-gui-websoft9.png
https://libs.websoft9.com/Websoft9/DocsPicture/zh/jupyterhub/jupyterhub-gui-websoft9.webp
https://libs.websoft9.com/Websoft9/DocsPicture/zh/teleport/teleport-gui-websoft9.png
https://libs.websoft9.com/Websoft9/DocsPicture/zh/jumpserver/jumpserver-gui-websoft9.png
https://libs.websoft9.com/Websoft9/DocsPicture/zh/umami/umami-gui-websoft9.png
https://libs.websoft9.com/Websoft9/DocsPicture/zh/gitea/gitea-gui-websoft9.png
https://libs.websoft9.com/Websoft9/DocsPicture/zh/influxdb/influxdb-gui-websoft9.svg
https://libs.websoft9.com/Websoft9/DocsPicture/zh/geoserver/geoserver-gui-websoft9.png
https://libs.websoft9.com/Websoft9/DocsPicture/zh/elk/elk-gui-websoft9.gif
https://libs.websoft9.com/Websoft9/DocsPicture/zh/elk/elk-wizard1-websoft9.png
https://libs.websoft9.com/Websoft9/DocsPicture/zh/directus/directus-arch-websoft9.svg
https://libs.websoft9.com/Websoft9/DocsPicture/zh/dgraph/dgraph-gui-websoft9.svg
https://libs.websoft9.com/Websoft9/DocsPicture/en/neo4j/neo4j-console-websoft9.png
https://libs.websoft9.com/Websoft9/DocsPicture/en/neo4j/neo4j-connectfirst-websoft9.png
https://libs.websoft9.com/Websoft9/DocsPicture/zh/typo3/typo3-gui-websoft9.png
https://libs.websoft9.com/Websoft9/DocsPicture/zh/plausible/plausible-gui-websoft9.webp
https://libs.websoft9.com/Websoft9/DocsPicture/zh/matomo/matomo-show-websoft9.png
https://libs.websoft9.com/Websoft9/DocsPicture/zh/countly/countly-gui-websoft9.webp
https://libs.websoft9.com/Websoft9/DocsPicture/zh/redpandaconsole/redpandaconsole-gui-websoft9.png
https://libs.websoft9.com/Websoft9/DocsPicture/zh/collabora/collabora-gui-websoft9.png
https://libs.websoft9.com/Websoft9/DocsPicture/zh/clamav/clamav-arch-websoft9.webp
https://libs.websoft9.com/Websoft9/DocsPicture/zh/ckan/ckan-gui-websoft9.png
http://libs.websoft9.com/Websoft9/DocsPicture/en/cells/cells-gui-websoft9.png
https://libs.websoft9.com/Websoft9/DocsPicture/en/seafile/seafile-gui-websoft9.png
https://libs.websoft9.com/Websoft9/DocsPicture/zh/nextcloud/nextcloud-gui-websoft9.png
https://libs.websoft9.com/Websoft9/DocsPicture/en/owncloud/owncloudgui-websoft9.png
https://libs.websoft9.com/Websoft9/DocsPicture/en/nextcloud/nextcloud-main-websoft9.png
https://libs.websoft9.com/Websoft9/DocsPicture/zh/owncloud/owncloud-init1-websoft9.png
https://libs.websoft9.com/Websoft9/DocsPicture/zh/linux/apachehttp-architecture.gif
http://libs.websoft9.com/Websoft9/DocsPicture/zh/activemq/activemq-login-websoft9.png
https://libs.websoft9.com/Websoft9/DocsPicture/zh/caddy/caddy-arch-websoft9.svg
http://libs.websoft9.com/Websoft9/DocsPicture/zh/activemq/activemq-logined-websoft9.png
https://libs.websoft9.com/Websoft9/DocsPicture/zh/budibase/budibase-main-websoft9.png
https://libs.websoft9.com/Websoft9/DocsPicture/zh/apisix/apisix-createroute-websoft9.png
https://libs.websoft9.com/Websoft9/DocsPicture/zh/apisix/apisix-routelist-websoft9.png
http://libs.websoft9.com/Websoft9/DocsPicture/zh/postgresql/pgadmin4-websoft9.png
https://libs.websoft9.com/Websoft9/DocsPicture/zh/appsmith/appsmith-gui-websoft9.png
https://libs.websoft9.com/Websoft9/DocsPicture/zh/jenkins/jenkins_is_the_hub_CD_Devops.png
https://libs.websoft9.com/Websoft9/DocsPicture/en/gitlab/gitlab-adminpanel-websoft9.png
https://libs.websoft9.com/Websoft9/DocsPicture/zh/jenkins/jenkins-wizard3-websoft9.png
https://libs.websoft9.com/Websoft9/DocsPicture/en/gitlab/gitlab-devopsall-websoft9.png
https://libs.websoft9.com/Websoft9/DocsPicture/en/postgresql/pgadmin-console-websoft9.png
https://libs.websoft9.com/Websoft9/DocsPicture/en/tensorflow/tensowflow-gui-websoft9.jpg
https://libs.websoft9.com/Websoft9/DocsPicture/en/zabbix/zabbix-gui-websoft9.png
https://libs.websoft9.com/Websoft9/DocsPicture/en/tensorflow/tensorboard.gif
https://libs.websoft9.com/Websoft9/DocsPicture/zh/apex/apex-oracle-wordpress.png
https://libs.websoft9.com/Websoft9/DocsPicture/en/knowage/knowage-login-websoft9.png
https://libs.websoft9.com/Websoft9/DocsPicture/en/metabase/metabase-product-screenshot.png
https://libs.websoft9.com/Websoft9/DocsPicture/en/knowage/knowage-gui-websoft9.png
https://libs.websoft9.com/Websoft9/DocsPicture/zh/kafka/kafka-addcluster001-websoft9.png
https://libs.websoft9.com/Websoft9/DocsPicture/en/metabase/metabase-dashborad-websoft9.png
https://libs.websoft9.com/Websoft9/DocsPicture/en/kafka/kafka-gui-websoft9.png
http://libs.websoft9.com/Websoft9/DocsPicture/en/dolibarr/dolibarr-gui-websoft9.png
http://libs.websoft9.com/Websoft9/DocsPicture/en/dolibarr/dolibarr-setupmodules-websoft9.png
https://libs.websoft9.com/Websoft9/DocsPicture/en/memcached/memcached-gui-websoft9.png
http://libs.websoft9.com/Websoft9/DocsPicture/en/mediawiki/mw11.png
https://libs.websoft9.com/Websoft9/DocsPicture/en/grafana/grafana-dashboard-websoft9.png
https://libs.websoft9.com/Websoft9/DocsPicture/en/grafana/grafana-dashboardui.png
https://libs.websoft9.com/Websoft9/DocsPicture/en/mediawiki/mediawikiui.gif
https://libs.websoft9.com/Websoft9/DocsPicture/en/onlyoffice/onlyoffice-websoft9-002.png
https://libs.websoft9.com/Websoft9/DocsPicture/en/onlyoffice/onlyoffice-websoft9-002.png
https://libs.websoft9.com/Websoft9/DocsPicture/zh/moodle/moodlegui-websoft9.jpg
https://libs.websoft9.com/Websoft9/DocsPicture/zh/discuzq/discuzq-guim-websoft9.webp
http://libs.websoft9.com/Websoft9/DocsPicture/zh/suitecrm/suitecrm-backend-websoft9.png
https://libs.websoft9.com/Websoft9/DocsPicture/zh/moodle/moodle-mobile-websoft9.png
https://libs.websoft9.com/Websoft9/DocsPicture/en/scratch/scratch-gui-websoft9.png
https://libs.websoft9.com/Websoft9/DocsPicture/zh/discuz/discuzq-waychat-websoft9.png
https://libs.websoft9.com/Websoft9/DocsPicture/en/codeserver/codeserver-login-websoft9.png
https://libs.websoft9.com/Websoft9/DocsPicture/en/codeserver/codeserver-consolegui-websoft9.png
https://libs.websoft9.com/Websoft9/DocsPicture/en/graylog/graylog-gui-websoft9.png
https://libs.websoft9.com/Websoft9/DocsPicture/en/superset/superset-dash-websoft9.png
https://libs.websoft9.com/Websoft9/DocsPicture/zh/rabbitmq/rabbitmq-pw-websoft9.png
http://libs.websoft9.com/Websoft9/DocsPicture/en/ghost/ghost-bootpage-websoft9.png
https://libs.websoft9.com/Websoft9/DocsPicture/en/graylog/graylog-login-websoft9.png
https://libs.websoft9.com/Websoft9/DocsPicture/en/redis/redisinsight-login-websoft9.png
https://libs.websoft9.com/Websoft9/DocsPicture/zh/rabbitmq/rabbitmq-gui-websoft9.png
https://libs.websoft9.com/Websoft9/DocsPicture/en/redis/redisinsight-consolegui-websoft9.png
https://libs.websoft9.com/Websoft9/DocsPicture/en/ghost/ghost-ui-websoft9.png
http://libs.websoft9.com/Websoft9/DocsPicture/zh/mariadb/mariadb-gui-websoft9.png
http://libs.websoft9.com/Websoft9/DocsPicture/en/erpnext/erpnext-adminui-websoft9.png
http://libs.websoft9.com/Websoft9/DocsPicture/en/espocrm/espocrm-gui-websoft9.jpg
http://libs.websoft9.com/Websoft9/DocsPicture/en/espocrm/espocrm-main-websoft9.png
https://libs.websoft9.com/Websoft9/DocsPicture/zh/haproxy/HAProxy-configuration.png
https://libs.websoft9.com/Websoft9/DocsPicture/zh/haproxy/haproxy-statsgui-websoft9.png
http://libs.websoft9.com/Websoft9/DocsPicture/zh/espocrm/espocrm-smtp-2-websoft9.png
https://libs.websoft9.com/Websoft9/DocsPicture/zh/mariadb/mariadb-structure-websoft9.png
http://libs.websoft9.com/Websoft9/DocsPicture/zh/vtigercrm/vtigercrm-backend-websoft9.png
https://libs.websoft9.com/Websoft9/DocsPicture/zh/discuz/ds06.png
http://libs.websoft9.com/Websoft9/DocsPicture/zh/gogs/gogs-dashboard-websoft9.png
http://libs.websoft9.com/Websoft9/DocsPicture/en/phpmyadmin/phpmyadmin-createdb-websoft9.png
http://libs.websoft9.com/Websoft9/DocsPicture/zh/mysql/mysql-mariadb-ui-websoft9.png
https://libs.websoft9.com/Websoft9/DocsPicture/en/erpnext/erpnext-ok-websoft9.png
https://libs.websoft9.com/Websoft9/DocsPicture/zh/discuz/discuz-gui-websoft9.png
https://libs.websoft9.com/Websoft9/DocsPicture/zh/gogs/gogs-guistart-websoft9.png
https://libs.websoft9.com/Websoft9/DocsPicture/zh/onlyofficedocs/onlyofficedocs-saveas-websoft9.png
https://libs.websoft9.com/Websoft9/DocsPicture/zh/onlyoffice/onlyofficedocs-gui-websoft9.png
https://libs.websoft9.com/Websoft9/DocsPicture/zh/mingdao/mingdao-tables-websoft9.jpg
https://libs.websoft9.com/Websoft9/DocsPicture/zh/mattermost/mattermost-gui-websoft9.webp
https://libs.websoft9.com/Websoft9/DocsPicture/zh/akeneo/akeneo-main-websoft9.png
https://libs.websoft9.com/Websoft9/DocsPicture/zh/rocketchat/rocketchat-gui-websoft9.png
https://libs.websoft9.com/Websoft9/DocsPicture/zh/mingdao/mingdao-main-lib-websoft9.png
https://libs.websoft9.com/Websoft9/DocsPicture/en/mattermost/mattermost-display-websoft9.png
https://libs.websoft9.com/Websoft9/DocsPicture/en/nopcommerce/nopcommerce-devices.png
https://libs.websoft9.com/Websoft9/DocsPicture/zh/mailu/mailu-gui-websoft9.png
https://libs.websoft9.com/Websoft9/DocsPicture/zh/kodcloud/kodcloud-home-websoft9.png
https://libs.websoft9.com/Websoft9/DocsPicture/zh/kodcloud/kodcloud-gui-websoft9.png
https://libs.websoft9.com/Websoft9/DocsPicture/zh/passbolt/passbolt-gui-websoft9.webp
https://libs.websoft9.com/Websoft9/DocsPicture/zh/opencart/opencart-gui-websoft9.png
https://libs.websoft9.com/Websoft9/DocsPicture/zh/bitwarden/bitwarden-gui-websoft9.webp
https://libs.websoft9.com/Websoft9/DocsPicture/zh/kodcloud/kodcloud-plugins-websoft9.png
https://libs.websoft9.com/Websoft9/DocsPicture/zh/n8n/n8n-gui-websoft9.png
https://libs.websoft9.com/Websoft9/DocsPicture/zh/hasura/hasura-gui-websoft9.png
https://libs.websoft9.com/Websoft9/DocsPicture/zh/discourse/discourse-gui-websoft9.webp
https://libs.websoft9.com/Websoft9/DocsPicture/zh/srs/srs-console-websoft9.png
https://libs.websoft9.com/Websoft9/DocsPicture/zh/zentao/zentao-gui-websoft9.png
https://libs.websoft9.com/Websoft9/DocsPicture/zh/srs/srs-main-websoft9.png
https://libs.websoft9.com/Websoft9/DocsPicture/zh/arangodb/arangodb-gui-websoft9.png
https://libs.websoft9.com/Websoft9/DocsPicture/zh/jitsi/jitsi-gui-websoft9.png
https://libs.websoft9.com/Websoft9/DocsPicture/zh/bigbluebutton/bigbluebutton-gui-websoft9.png
https://libs.websoft9.com/Websoft9/DocsPicture/zh/wordpress/wordpress-add-site-websoft9.png
http://libs.websoft9.com/Websoft9/DocsPicture/zh/magento/magento-backend-websoft9.png
http://libs.websoft9.com/Websoft9/DocsPicture/zh/magento/magento-mall-websoft9.png
https://libs.websoft9.com/Websoft9/DocsPicture/zh/wordpress/wordpress-addthemes-websoft9.png
https://libs.websoft9.com/Websoft9/DocsPicture/zh/wordpress/wordpress-createmenu-websoft9.png
https://libs.websoft9.com/Websoft9/DocsPicture/zh/wordpress/wordpress-addplugins-websoft9.png
https://libs.websoft9.com/Websoft9/DocsPicture/zh/prestashop/prestashop-backend-websoft9.png
https://libs.websoft9.com/Websoft9/DocsPicture/zh/prestashop/pretashopui-websoft9.png
https://libs.websoft9.com/Websoft9/DocsPicture/zh/saleor/saleor-gui-websoft9.png
https://libs.websoft9.com/Websoft9/DocsPicture/zh/cloudbeaver/cloudbeaver-openconn-websoft9.png
https://libs.websoft9.com/Websoft9/DocsPicture/zh/redmine/redmine-gui-websoft9.jpg
https://libs.websoft9.com/Websoft9/DocsPicture/zh/cloudbeaver/cloudbeaver-demogui-websoft9.png
https://libs.websoft9.com/Websoft9/DocsPicture/zh/drupal/drupal-backend-websoft9.png
https://libs.websoft9.com/Websoft9/DocsPicture/zh/redmine/redmine-language-websoft9.png
https://libs.websoft9.com/Websoft9/DocsPicture/zh/drupal/drupal-gui-websoft9.png
https://libs.websoft9.com/Websoft9/DocsPicture/zh/joomla/joomla-wizard7-websoft9.png
https://libs.websoft9.com/Websoft9/DocsPicture/zh/joomla/joomla-wizard8-websoft9.png
http://libs.websoft9.com/Websoft9/DocsPicture/zh/mongodb/mongodb-gui-websoft9.png
https://libs.websoft9.com/Websoft9/DocsPicture/zh/rethinkdb/rethinkdb-gui-websoft9.png
https://libs.websoft9.com/Websoft9/DocsPicture/en/odoo/odoo-consoleui-websoft9.png
https://libs.websoft9.com/Websoft9/DocsPicture/en/odoo/odooui-websoft9.png
https://libs.websoft9.com/Websoft9/DocsPicture/zh/rethinkdb/rethinkdb-ok-websoft9.png
https://libs.websoft9.com/Websoft9/DocsPicture/zh/couchdb/couchdb-gui-websoft9.png
https://libs.websoft9.com/Websoft9/DocsPicture/en/apitable/apitable-websoft9.png
https://libs.websoft9.com/Websoft9/DocsPicture/zh/couchdb/couchdb-admin-websoft9.png
https://libs.websoft9.com/Websoft9/DocsPicture/zh/mongodb/mongodbcompass002-websoft9.png
https://libs.websoft9.com/Websoft9/DocsPicture/zh/zammad/zammad-gui-websoft9.png
https://libs.websoft9.com/Websoft9/DocsPicture/zh/elk/elk-wizard1-websoft9.png
https://libs.websoft9.com/Websoft9/DocsPicture/zh/vault/vault-gui-websoft9.jpeg
https://libs.websoft9.com/Websoft9/DocsPicture/zh/umbraco/umbraco-gui-websoft9.png
https://libs.websoft9.com/Websoft9/DocsPicture/zh/typesense/typesense-gui-websoft9.jpg
https://libs.websoft9.com/Websoft9/DocsPicture/zh/traefik/traefik-gui-websoft9.webp
https://libs.websoft9.com/Websoft9/DocsPicture/zh/tooljet/tooljet-gui-websoft9.png
https://libs.websoft9.com/Websoft9/DocsPicture/zh/theia/theia-gui-websoft9.jpg
http://libs.websoft9.com/Websoft9/DocsPicture/zh/postgresql/pgadmin4-websoft9.png
https://libs.websoft9.com/Websoft9/DocsPicture/zh/strapi/strapi-gui-websoft9.png
http://libs.websoft9.com/Websoft9/DocsPicture/zh/mysql/phpmyadmin-modifypw-websoft9.png
https://libs.websoft9.com/Websoft9/DocsPicture/zh/sscms/sscms-gui-websoft9.png
https://libs.websoft9.com/Websoft9/DocsPicture/zh/postgresql/pgadmin-setconnection-websoft9.png
https://libs.websoft9.com/Websoft9/DocsPicture/zh/redis/redisinsight-dashboard-illustration-2.svg
https://libs.websoft9.com/Websoft9/DocsPicture/zh/redis/redisinsight-consolegui-websoft9.png
https://libs.websoft9.com/Websoft9/DocsPicture/zh/mongodb/mongodbcompass001-websoft9.png
http://libs.websoft9.com/Websoft9/DocsPicture/zh/oracle/oracle-database-1024x410.jpg
https://libs.websoft9.com/Websoft9/DocsPicture/zh/mysql/phpmyadmin-adddb-websoft9.png
http://libs.websoft9.com/Websoft9/DocsPicture/zh/oracle/oracle-emlogin-websoft9.png
http://libs.websoft9.com/Websoft9/DocsPicture/zh/oracle/oracle-emgui-websoft9.png
https://libs.websoft9.com/Websoft9/DocsPicture/zh/sqlserver/sqlserver-getsqlserver-websoft9.png
https://libs.websoft9.com/Websoft9/DocsPicture/zh/redash/redash-gui-websoft9.png
https://libs.websoft9.com/Websoft9/DocsPicture/zh/prometheus/prometheus-gui-websoft9.webp
https://libs.websoft9.com/Websoft9/DocsPicture/zh/pimcore/pimcore-gui-websoft9.png
https://libs.websoft9.com/Websoft9/DocsPicture/zh/opensearch/opensearch-gui-websoft9.png
https://libs.websoft9.com/Websoft9/DocsPicture/zh/nocodb/nocodb-gui-websoft9.png
https://libs.websoft9.com/Websoft9/DocsPicture/zh/netdata/netdata-gui-websoft9.png
https://libs.websoft9.com/Websoft9/DocsPicture/zh/kong/kong-gui-websoft9.webp
https://libs.websoft9.com/Websoft9/DocsPicture/zh/nexterminal/nexterminal-gui-websoft9.png
https://libs.websoft9.com/Websoft9/DocsPicture/zh/mautic/mautic-gui-websoft9.jpg
https://libs.websoft9.com/Websoft9/DocsPicture/zh/kasmweb/kasmweb-gui-websoft9.webp
https://libs.websoft9.com/Websoft9/DocsPicture/zh/jupyterhub/jupyterhub-gui-websoft9.webp
https://libs.websoft9.com/Websoft9/DocsPicture/zh/minio/minio-gui-websoft9.png
https://libs.websoft9.com/Websoft9/DocsPicture/zh/teleport/teleport-gui-websoft9.png
https://libs.websoft9.com/Websoft9/DocsPicture/zh/jumpserver/jumpserver-gui-websoft9.png
https://libs.websoft9.com/Websoft9/DocsPicture/zh/geoserver/geoserver-gui-websoft9.png
https://libs.websoft9.com/Websoft9/DocsPicture/zh/influxdb/influxdb-gui-websoft9.svg
https://libs.websoft9.com/Websoft9/DocsPicture/zh/umami/umami-gui-websoft9.png
https://libs.websoft9.com/Websoft9/DocsPicture/zh/gitea/gitea-gui-websoft9.png
https://libs.websoft9.com/Websoft9/DocsPicture/zh/elk/elk-gui-websoft9.gif
https://libs.websoft9.com/Websoft9/DocsPicture/zh/elk/elk-wizard1-websoft9.png
https://libs.websoft9.com/Websoft9/DocsPicture/zh/directus/directus-arch-websoft9.svg
https://libs.websoft9.com/Websoft9/DocsPicture/zh/dgraph/dgraph-gui-websoft9.svg
https://libs.websoft9.com/Websoft9/DocsPicture/zh/neo4j/neo4j-console-websoft9.png
https://libs.websoft9.com/Websoft9/DocsPicture/zh/neo4j/neo4j-sampleonline002-websoft9.png
https://libs.websoft9.com/Websoft9/DocsPicture/zh/plausible/plausible-gui-websoft9.webp
https://libs.websoft9.com/Websoft9/DocsPicture/zh/typo3/typo3-gui-websoft9.png
https://libs.websoft9.com/Websoft9/DocsPicture/zh/matomo/matomo-show-websoft9.png
https://libs.websoft9.com/Websoft9/DocsPicture/zh/countly/countly-gui-websoft9.webp
https://libs.websoft9.com/Websoft9/DocsPicture/zh/redpandaconsole/redpandaconsole-gui-websoft9.png
https://libs.websoft9.com/Websoft9/DocsPicture/zh/collabora/collabora-gui-websoft9.png
https://libs.websoft9.com/Websoft9/DocsPicture/zh/clamav/clamav-arch-websoft9.webp
http://libs.websoft9.com/Websoft9/DocsPicture/en/cells/cells-gui-websoft9.png
https://libs.websoft9.com/Websoft9/DocsPicture/zh/ckan/ckan-gui-websoft9.png
https://libs.websoft9.com/Websoft9/DocsPicture/zh/seafile/seafile-gui-websoft9.png
https://libs.websoft9.com/Websoft9/DocsPicture/zh/nextcloud/nextcloud-gui-websoft9.png
https://libs.websoft9.com/Websoft9/DocsPicture/zh/owncloud/owncloud-init1-websoft9.png
https://libs.websoft9.com/Websoft9/DocsPicture/zh/owncloud/owncloud-installcomplete-websoft9.png
https://libs.websoft9.com/Websoft9/DocsPicture/en/nextcloud/nextcloud-main-websoft9.png
http://libs.websoft9.com/Websoft9/DocsPicture/zh/activemq/activemq-login-websoft9.png
http://libs.websoft9.com/Websoft9/DocsPicture/zh/activemq/activemq-logined-websoft9.png
https://libs.websoft9.com/Websoft9/DocsPicture/zh/linux/apachehttp-architecture.gif
https://libs.websoft9.com/Websoft9/DocsPicture/zh/apisix/apisix-routelist-websoft9.png
https://libs.websoft9.com/Websoft9/DocsPicture/zh/caddy/caddy-arch-websoft9.svg
https://libs.websoft9.com/Websoft9/DocsPicture/zh/budibase/budibase-main-websoft9.png
https://libs.websoft9.com/Websoft9/DocsPicture/zh/apisix/apisix-createroute-websoft9.png
https://libs.websoft9.com/Websoft9/DocsPicture/zh/appsmith/appsmith-gui-websoft9.png
http://libs.websoft9.com/Websoft9/DocsPicture/zh/postgresql/pgadmin4-websoft9.png
https://libs.websoft9.com/Websoft9/DocsPicture/zh/jenkins/jenkins_is_the_hub_CD_Devops.png
https://libs.websoft9.com/Websoft9/DocsPicture/en/gitlab/gitlab-adminpanel-websoft9.png
https://libs.websoft9.com/Websoft9/DocsPicture/zh/jenkins/jenkins-wizard3-websoft9.png
https://libs.websoft9.com/Websoft9/DocsPicture/en/gitlab/gitlab-devopsall-websoft9.png
https://libs.websoft9.com/Websoft9/DocsPicture/zh/postgresql/pgadmin-loginui-websoft9.png
https://libs.websoft9.com/Websoft9/DocsPicture/en/tensorflow/tensowflow-gui-websoft9.jpg
https://libs.websoft9.com/Websoft9/DocsPicture/zh/zabbix/zabbix-gui-websoft9.png
https://libs.websoft9.com/Websoft9/DocsPicture/en/tensorflow/tensorboard.gif
https://libs.websoft9.com/Websoft9/DocsPicture/zh/apex/apex-oracle-wordpress.png
https://libs.websoft9.com/Websoft9/DocsPicture/en/knowage/knowage-gui-websoft9.png
https://libs.websoft9.com/Websoft9/DocsPicture/en/knowage/knowage-login-websoft9.png
https://libs.websoft9.com/Websoft9/DocsPicture/en/metabase/metabase-product-screenshot.png
https://libs.websoft9.com/Websoft9/DocsPicture/en/kafka/kafka-gui-websoft9.png
https://libs.websoft9.com/Websoft9/DocsPicture/zh/metabase/metabase-dashborad-websoft9.png
https://libs.websoft9.com/Websoft9/DocsPicture/zh/kafka/kafka-addcluster001-websoft9.png
https://libs.websoft9.com/Websoft9/DocsPicture/en/grafana/grafana-dashboard-websoft9.png
https://libs.websoft9.com/Websoft9/DocsPicture/zh/memcached/memcached-gui-websoft9.png
https://libs.websoft9.com/Websoft9/DocsPicture/en/grafana/grafana-dashboardui.png
http://libs.websoft9.com/Websoft9/DocsPicture/zh/onlyoffice/onlyoffice-websoft9-001.png
https://libs.websoft9.com/Websoft9/DocsPicture/zh/dolibarr/dolibarr-backend-websoft9.png
https://libs.websoft9.com/Websoft9/DocsPicture/zh/dolibarr/dolibarr-gui-websoft9.webp
https://libs.websoft9.com/Websoft9/DocsPicture/zh/mediawiki/MediaWiki_UI.png
https://libs.websoft9.com/Websoft9/DocsPicture/zh/mediawiki/mediawiki-homepage-websoft9.png
https://libs.websoft9.com/Websoft9/DocsPicture/zh/moodle/moodlegui-websoft9.jpg
https://libs.websoft9.com/Websoft9/DocsPicture/zh/scratch/scratch-gui-websoft9.png
https://libs.websoft9.com/Websoft9/DocsPicture/zh/onlyoffice/onlyoffice-websoft9-002.png
http://libs.websoft9.com/Websoft9/DocsPicture/zh/suitecrm/suitecrm-backend-websoft9.png
https://libs.websoft9.com/Websoft9/DocsPicture/zh/moodle/moodle-mobile-websoft9.png
https://libs.websoft9.com/Websoft9/DocsPicture/zh/discuzq/discuzq-guim-websoft9.webp
https://libs.websoft9.com/Websoft9/DocsPicture/zh/codeserver/codeserver-consolegui-websoft9.png
https://libs.websoft9.com/Websoft9/DocsPicture/zh/discuz/discuzq-waychat-websoft9.png
https://libs.websoft9.com/Websoft9/DocsPicture/zh/codeserver/codeserver-login-websoft9.png
https://libs.websoft9.com/Websoft9/DocsPicture/zh/graylog/graylog-login-websoft9.png
https://libs.websoft9.com/Websoft9/DocsPicture/en/graylog/graylog-gui-websoft9.png
https://libs.websoft9.com/Websoft9/DocsPicture/zh/rabbitmq/rabbitmq-gui-websoft9.png
http://libs.websoft9.com/Websoft9/DocsPicture/en/ghost/ghost-bootpage-websoft9.png
https://libs.websoft9.com/Websoft9/DocsPicture/zh/rabbitmq/rabbitmq-pw-websoft9.png
https://libs.websoft9.com/Websoft9/DocsPicture/en/superset/superset-dash-websoft9.png
https://libs.websoft9.com/Websoft9/DocsPicture/zh/redis/redisinsight-login-websoft9.png
https://libs.websoft9.com/Websoft9/DocsPicture/zh/ghost/ghost-dsgui-websoft9.png
https://libs.websoft9.com/Websoft9/DocsPicture/zh/redis/redisinsight-consolegui-websoft9.png
http://libs.websoft9.com/Websoft9/DocsPicture/zh/mariadb/mariadb-gui-websoft9.png
http://libs.websoft9.com/Websoft9/DocsPicture/en/erpnext/erpnext-adminui-websoft9.png
https://libs.websoft9.com/Websoft9/DocsPicture/zh/haproxy/HAProxy-configuration.png
https://libs.websoft9.com/Websoft9/DocsPicture/en/ghost/ghost-setthemes-websoft9.png
https://libs.websoft9.com/Websoft9/DocsPicture/zh/haproxy/haproxy-statsgui-websoft9.png
http://libs.websoft9.com/Websoft9/DocsPicture/en/espocrm/espocrm-gui-websoft9.jpg
http://libs.websoft9.com/Websoft9/DocsPicture/en/espocrm/espocrm-main-websoft9.png
http://libs.websoft9.com/Websoft9/DocsPicture/zh/espocrm/espocrm-smtp-2-websoft9.png
https://libs.websoft9.com/Websoft9/DocsPicture/zh/mariadb/mariadb-structure-websoft9.png
http://libs.websoft9.com/Websoft9/DocsPicture/zh/gogs/gogs-dashboard-websoft9.png
http://libs.websoft9.com/Websoft9/DocsPicture/zh/vtigercrm/vtigercrm-backend-websoft9.png
https://libs.websoft9.com/Websoft9/DocsPicture/zh/erpnext/erpnext-users-websoft9.png
https://libs.websoft9.com/Websoft9/DocsPicture/zh/discuz/discuz-gui-websoft9.png
https://libs.websoft9.com/Websoft9/DocsPicture/zh/discuz/ds06.png
https://libs.websoft9.com/Websoft9/DocsPicture/zh/gogs/gogs-guistart-websoft9.png
https://libs.websoft9.com/Websoft9/DocsPicture/zh/mysql/mysql-dbgui-websoft9.png
https://libs.websoft9.com/Websoft9/DocsPicture/zh/mysql/phpmyadmin-adddb-websoft9.png
